2016-03-09 22:57:19 - PHP Notice:  Error: Could not load template E:/wamp/www/upload/catalog/view/theme/default/template/common/column_left.tpl! in E:\wamp\www\upload\vqmod\vqcache\vq2-system_engine_loader.php on line 86
2016-03-09 23:08:27 - PHP Notice:  Undefined variable: attribute_row in E:\wamp\www\upload\admin\view\template\catalog\news_form.tpl on line 479
2016-03-09 23:08:27 - PHP Notice:  Undefined variable: option_row in E:\wamp\www\upload\admin\view\template\catalog\news_form.tpl on line 528
2016-03-09 23:08:27 - PHP Notice:  Undefined variable: entry_quantity in E:\wamp\www\upload\admin\view\template\catalog\news_form.tpl on line 611
2016-03-09 23:08:27 - PHP Notice:  Undefined variable: entry_subtract in E:\wamp\www\upload\admin\view\template\catalog\news_form.tpl on line 612
2016-03-09 23:08:27 - PHP Notice:  Undefined variable: entry_price in E:\wamp\www\upload\admin\view\template\catalog\news_form.tpl on line 613
2016-03-09 23:08:27 - PHP Notice:  Undefined variable: entry_option_points in E:\wamp\www\upload\admin\view\template\catalog\news_form.tpl on line 614
2016-03-09 23:08:27 - PHP Notice:  Undefined variable: entry_weight in E:\wamp\www\upload\admin\view\template\catalog\news_form.tpl on line 615
2016-03-09 23:08:27 - PHP Notice:  Undefined variable: option_value_row in E:\wamp\www\upload\admin\view\template\catalog\news_form.tpl on line 664
2016-03-09 23:08:27 - PHP Notice:  Undefined variable: entry_quantity in E:\wamp\www\upload\admin\view\template\catalog\news_form.tpl on line 671
2016-03-09 23:08:27 - PHP Notice:  Undefined variable: entry_price in E:\wamp\www\upload\admin\view\template\catalog\news_form.tpl on line 680
2016-03-09 23:08:27 - PHP Notice:  Undefined variable: entry_points in E:\wamp\www\upload\admin\view\template\catalog\news_form.tpl on line 685
2016-03-09 23:08:27 - PHP Notice:  Undefined variable: entry_weight in E:\wamp\www\upload\admin\view\template\catalog\news_form.tpl on line 690
2016-03-09 23:08:27 - PHP Notice:  Undefined variable: discount_row in E:\wamp\www\upload\admin\view\template\catalog\news_form.tpl on line 701
2016-03-09 23:08:27 - PHP Notice:  Undefined variable: customer_groups in E:\wamp\www\upload\admin\view\template\catalog\news_form.tpl on line 706
2016-03-09 23:08:27 - PHP Warning:  Invalid argument supplied for foreach() in E:\wamp\www\upload\admin\view\template\catalog\news_form.tpl on line 706
2016-03-09 23:08:27 - PHP Notice:  Undefined variable: entry_quantity in E:\wamp\www\upload\admin\view\template\catalog\news_form.tpl on line 710
2016-03-09 23:08:27 - PHP Notice:  Undefined variable: entry_price in E:\wamp\www\upload\admin\view\template\catalog\news_form.tpl on line 712
2016-03-09 23:08:27 - PHP Notice:  Undefined variable: special_row in E:\wamp\www\upload\admin\view\template\catalog\news_form.tpl on line 728
2016-03-09 23:08:27 - PHP Notice:  Undefined variable: customer_groups in E:\wamp\www\upload\admin\view\template\catalog\news_form.tpl on line 733
2016-03-09 23:08:27 - PHP Warning:  Invalid argument supplied for foreach() in E:\wamp\www\upload\admin\view\template\catalog\news_form.tpl on line 733
2016-03-09 23:08:27 - PHP Notice:  Undefined variable: entry_price in E:\wamp\www\upload\admin\view\template\catalog\news_form.tpl on line 738
2016-03-09 23:08:27 - PHP Notice:  Undefined variable: image_row in E:\wamp\www\upload\admin\view\template\catalog\news_form.tpl on line 754
2016-03-09 23:08:27 - PHP Notice:  Undefined variable: recurring_row in E:\wamp\www\upload\admin\view\template\catalog\news_form.tpl on line 769
2016-03-09 23:08:27 - PHP Notice:  Undefined variable: recurrings in E:\wamp\www\upload\admin\view\template\catalog\news_form.tpl on line 778
2016-03-09 23:08:27 - PHP Warning:  Invalid argument supplied for foreach() in E:\wamp\www\upload\admin\view\template\catalog\news_form.tpl on line 778
2016-03-09 23:08:27 - PHP Notice:  Undefined variable: customer_groups in E:\wamp\www\upload\admin\view\template\catalog\news_form.tpl on line 785
2016-03-09 23:08:27 - PHP Warning:  Invalid argument supplied for foreach() in E:\wamp\www\upload\admin\view\template\catalog\news_form.tpl on line 785
2016-03-09 23:09:10 - PHP Notice:  Undefined variable: attribute_row in E:\wamp\www\upload\admin\view\template\catalog\news_form.tpl on line 479
2016-03-09 23:09:10 - PHP Notice:  Undefined variable: option_row in E:\wamp\www\upload\admin\view\template\catalog\news_form.tpl on line 528
2016-03-09 23:09:10 - PHP Notice:  Undefined variable: entry_quantity in E:\wamp\www\upload\admin\view\template\catalog\news_form.tpl on line 611
2016-03-09 23:09:10 - PHP Notice:  Undefined variable: entry_subtract in E:\wamp\www\upload\admin\view\template\catalog\news_form.tpl on line 612
2016-03-09 23:09:10 - PHP Notice:  Undefined variable: entry_price in E:\wamp\www\upload\admin\view\template\catalog\news_form.tpl on line 613
2016-03-09 23:09:10 - PHP Notice:  Undefined variable: entry_option_points in E:\wamp\www\upload\admin\view\template\catalog\news_form.tpl on line 614
2016-03-09 23:09:10 - PHP Notice:  Undefined variable: entry_weight in E:\wamp\www\upload\admin\view\template\catalog\news_form.tpl on line 615
2016-03-09 23:09:10 - PHP Notice:  Undefined variable: option_value_row in E:\wamp\www\upload\admin\view\template\catalog\news_form.tpl on line 664
2016-03-09 23:09:10 - PHP Notice:  Undefined variable: entry_quantity in E:\wamp\www\upload\admin\view\template\catalog\news_form.tpl on line 671
2016-03-09 23:09:10 - PHP Notice:  Undefined variable: entry_price in E:\wamp\www\upload\admin\view\template\catalog\news_form.tpl on line 680
2016-03-09 23:09:10 - PHP Notice:  Undefined variable: entry_points in E:\wamp\www\upload\admin\view\template\catalog\news_form.tpl on line 685
2016-03-09 23:09:10 - PHP Notice:  Undefined variable: entry_weight in E:\wamp\www\upload\admin\view\template\catalog\news_form.tpl on line 690
2016-03-09 23:09:10 - PHP Notice:  Undefined variable: discount_row in E:\wamp\www\upload\admin\view\template\catalog\news_form.tpl on line 701
2016-03-09 23:09:10 - PHP Notice:  Undefined variable: customer_groups in E:\wamp\www\upload\admin\view\template\catalog\news_form.tpl on line 706
2016-03-09 23:09:10 - PHP Warning:  Invalid argument supplied for foreach() in E:\wamp\www\upload\admin\view\template\catalog\news_form.tpl on line 706
2016-03-09 23:09:10 - PHP Notice:  Undefined variable: entry_quantity in E:\wamp\www\upload\admin\view\template\catalog\news_form.tpl on line 710
2016-03-09 23:09:10 - PHP Notice:  Undefined variable: entry_price in E:\wamp\www\upload\admin\view\template\catalog\news_form.tpl on line 712
2016-03-09 23:09:10 - PHP Notice:  Undefined variable: special_row in E:\wamp\www\upload\admin\view\template\catalog\news_form.tpl on line 728
2016-03-09 23:09:10 - PHP Notice:  Undefined variable: customer_groups in E:\wamp\www\upload\admin\view\template\catalog\news_form.tpl on line 733
2016-03-09 23:09:10 - PHP Warning:  Invalid argument supplied for foreach() in E:\wamp\www\upload\admin\view\template\catalog\news_form.tpl on line 733
2016-03-09 23:09:10 - PHP Notice:  Undefined variable: entry_price in E:\wamp\www\upload\admin\view\template\catalog\news_form.tpl on line 738
2016-03-09 23:09:10 - PHP Notice:  Undefined variable: image_row in E:\wamp\www\upload\admin\view\template\catalog\news_form.tpl on line 754
2016-03-09 23:09:10 - PHP Notice:  Undefined variable: recurring_row in E:\wamp\www\upload\admin\view\template\catalog\news_form.tpl on line 769
2016-03-09 23:09:10 - PHP Notice:  Undefined variable: recurrings in E:\wamp\www\upload\admin\view\template\catalog\news_form.tpl on line 778
2016-03-09 23:09:10 - PHP Warning:  Invalid argument supplied for foreach() in E:\wamp\www\upload\admin\view\template\catalog\news_form.tpl on line 778
2016-03-09 23:09:10 - PHP Notice:  Undefined variable: customer_groups in E:\wamp\www\upload\admin\view\template\catalog\news_form.tpl on line 785
2016-03-09 23:09:10 - PHP Warning:  Invalid argument supplied for foreach() in E:\wamp\www\upload\admin\view\template\catalog\news_form.tpl on line 785
2016-03-09 23:09:40 - PHP Notice:  Undefined variable: attribute_row in E:\wamp\www\upload\admin\view\template\catalog\news_form.tpl on line 479
2016-03-09 23:09:40 - PHP Notice:  Undefined variable: option_row in E:\wamp\www\upload\admin\view\template\catalog\news_form.tpl on line 528
2016-03-09 23:09:40 - PHP Notice:  Undefined variable: entry_quantity in E:\wamp\www\upload\admin\view\template\catalog\news_form.tpl on line 611
2016-03-09 23:09:40 - PHP Notice:  Undefined variable: entry_subtract in E:\wamp\www\upload\admin\view\template\catalog\news_form.tpl on line 612
2016-03-09 23:09:40 - PHP Notice:  Undefined variable: entry_price in E:\wamp\www\upload\admin\view\template\catalog\news_form.tpl on line 613
2016-03-09 23:09:40 - PHP Notice:  Undefined variable: entry_option_points in E:\wamp\www\upload\admin\view\template\catalog\news_form.tpl on line 614
2016-03-09 23:09:40 - PHP Notice:  Undefined variable: entry_weight in E:\wamp\www\upload\admin\view\template\catalog\news_form.tpl on line 615
2016-03-09 23:09:40 - PHP Notice:  Undefined variable: option_value_row in E:\wamp\www\upload\admin\view\template\catalog\news_form.tpl on line 664
2016-03-09 23:09:40 - PHP Notice:  Undefined variable: entry_quantity in E:\wamp\www\upload\admin\view\template\catalog\news_form.tpl on line 671
2016-03-09 23:09:40 - PHP Notice:  Undefined variable: entry_price in E:\wamp\www\upload\admin\view\template\catalog\news_form.tpl on line 680
2016-03-09 23:09:40 - PHP Notice:  Undefined variable: entry_points in E:\wamp\www\upload\admin\view\template\catalog\news_form.tpl on line 685
2016-03-09 23:09:40 - PHP Notice:  Undefined variable: entry_weight in E:\wamp\www\upload\admin\view\template\catalog\news_form.tpl on line 690
2016-03-09 23:09:40 - PHP Notice:  Undefined variable: discount_row in E:\wamp\www\upload\admin\view\template\catalog\news_form.tpl on line 701
2016-03-09 23:09:40 - PHP Notice:  Undefined variable: customer_groups in E:\wamp\www\upload\admin\view\template\catalog\news_form.tpl on line 706
2016-03-09 23:09:40 - PHP Warning:  Invalid argument supplied for foreach() in E:\wamp\www\upload\admin\view\template\catalog\news_form.tpl on line 706
2016-03-09 23:09:40 - PHP Notice:  Undefined variable: entry_quantity in E:\wamp\www\upload\admin\view\template\catalog\news_form.tpl on line 710
2016-03-09 23:09:40 - PHP Notice:  Undefined variable: entry_price in E:\wamp\www\upload\admin\view\template\catalog\news_form.tpl on line 712
2016-03-09 23:09:40 - PHP Notice:  Undefined variable: special_row in E:\wamp\www\upload\admin\view\template\catalog\news_form.tpl on line 728
2016-03-09 23:09:40 - PHP Notice:  Undefined variable: customer_groups in E:\wamp\www\upload\admin\view\template\catalog\news_form.tpl on line 733
2016-03-09 23:09:40 - PHP Warning:  Invalid argument supplied for foreach() in E:\wamp\www\upload\admin\view\template\catalog\news_form.tpl on line 733
2016-03-09 23:09:40 - PHP Notice:  Undefined variable: entry_price in E:\wamp\www\upload\admin\view\template\catalog\news_form.tpl on line 738
2016-03-09 23:09:40 - PHP Notice:  Undefined variable: image_row in E:\wamp\www\upload\admin\view\template\catalog\news_form.tpl on line 754
2016-03-09 23:09:40 - PHP Notice:  Undefined variable: recurring_row in E:\wamp\www\upload\admin\view\template\catalog\news_form.tpl on line 769
2016-03-09 23:09:40 - PHP Notice:  Undefined variable: recurrings in E:\wamp\www\upload\admin\view\template\catalog\news_form.tpl on line 778
2016-03-09 23:09:40 - PHP Warning:  Invalid argument supplied for foreach() in E:\wamp\www\upload\admin\view\template\catalog\news_form.tpl on line 778
2016-03-09 23:09:40 - PHP Notice:  Undefined variable: customer_groups in E:\wamp\www\upload\admin\view\template\catalog\news_form.tpl on line 785
2016-03-09 23:09:40 - PHP Warning:  Invalid argument supplied for foreach() in E:\wamp\www\upload\admin\view\template\catalog\news_form.tpl on line 785
2016-03-14 23:02:41 - PHP Notice:  Error: Column 'name' in order clause is ambiguous<br />Error No: 1052<br />SELECT * FROM bcit_photo d LEFT JOIN bcit_photo_description dd ON (d.photo_id = dd.photo_id) WHERE dd.language_id = '1' ORDER BY name ASC LIMIT 0,20 in E:\wamp\www\upload\system\library\db\mysqli.php on line 41
2016-03-14 23:02:41 - PHP Notice:  Trying to get property of non-object in E:\wamp\www\upload\admin\model\design\photo.php on line 121
2016-03-14 23:02:41 - PHP Warning:  Invalid argument supplied for foreach() in E:\wamp\www\upload\admin\controller\design\photo.php on line 174
2016-03-14 23:05:53 - PHP Notice:  Error: Column 'name' in order clause is ambiguous<br />Error No: 1052<br />SELECT * FROM bcit_photo d LEFT JOIN bcit_photo_description dd ON (d.photo_id = dd.photo_id) WHERE dd.language_id = '1' ORDER BY name ASC LIMIT 0,20 in E:\wamp\www\upload\system\library\db\mysqli.php on line 41
2016-03-14 23:05:53 - PHP Notice:  Trying to get property of non-object in E:\wamp\www\upload\admin\model\design\photo.php on line 121
2016-03-14 23:05:53 - PHP Warning:  Invalid argument supplied for foreach() in E:\wamp\www\upload\admin\controller\design\photo.php on line 174
2016-03-14 23:06:27 - PHP Notice:  Error: Column 'name' in order clause is ambiguous<br />Error No: 1052<br />SELECT * FROM bcit_photo d LEFT JOIN bcit_photo_description dd ON (d.photo_id = dd.photo_id) WHERE dd.language_id = '1' ORDER BY name ASC LIMIT 0,20 in E:\wamp\www\upload\system\library\db\mysqli.php on line 41
2016-03-14 23:06:27 - PHP Notice:  Trying to get property of non-object in E:\wamp\www\upload\admin\model\design\photo.php on line 121
2016-03-14 23:06:27 - PHP Warning:  Invalid argument supplied for foreach() in E:\wamp\www\upload\admin\controller\design\photo.php on line 174
2016-03-14 23:07:18 - PHP Notice:  Undefined variable: name in E:\wamp\www\upload\admin\view\template\design\photo_form.tpl on line 31
2016-03-14 23:13:07 - PHP Notice:  Undefined index: name in E:\wamp\www\upload\admin\controller\design\photo.php on line 404
2016-03-14 23:13:07 - PHP Notice:  Undefined index: sort_order in E:\wamp\www\upload\admin\controller\design\photo.php on line 386
2016-03-14 23:23:08 - PHP Notice:  Undefined index: name in E:\wamp\www\upload\admin\model\design\photo.php on line 6
2016-03-14 23:23:09 - PHP Notice:  Error: Unknown column 'name' in 'field list'<br />Error No: 1054<br />INSERT INTO bcit_photo SET name = '', status = '1', date_modified = NOW(), date_added = NOW() in E:\wamp\www\upload\system\library\db\mysqli.php on line 41
2016-03-14 23:23:09 - PHP Notice:  Undefined index: sort_order in E:\wamp\www\upload\admin\model\design\photo.php on line 16
2016-03-14 23:28:00 - PHP Notice:  Error: Unknown column 'dd.language_id' in 'where clause'<br />Error No: 1054<br />SELECT DISTINCT * FROM bcit_photo p LEFT JOIN bcit_photo_description pd ON (p.photo_id = pd.photo_id) WHERE p.photo_id = '1' AND dd.language_id = '1' in E:\wamp\www\upload\system\library\db\mysqli.php on line 41
2016-03-14 23:28:00 - PHP Notice:  Trying to get property of non-object in E:\wamp\www\upload\admin\model\design\photo.php on line 73
2016-03-14 23:28:00 - PHP Notice:  Undefined index: form_id in E:\wamp\www\upload\admin\controller\design\photo.php on line 343
2016-03-14 23:28:00 - PHP Notice:  Undefined index: link in E:\wamp\www\upload\admin\controller\design\photo.php on line 383
2016-03-14 23:29:13 - PHP Notice:  Undefined index: form_id in E:\wamp\www\upload\admin\controller\design\photo.php on line 343
2016-03-14 23:29:13 - PHP Notice:  Undefined index: link in E:\wamp\www\upload\admin\controller\design\photo.php on line 383
2016-03-14 23:29:46 - PHP Notice:  Undefined index: link in E:\wamp\www\upload\admin\controller\design\photo.php on line 383
2016-03-14 23:31:46 - PHP Notice:  Undefined index: link in E:\wamp\www\upload\admin\view\template\design\photo_form.tpl on line 77
2016-03-14 23:33:49 - PHP Notice:  Undefined index: sort_order in E:\wamp\www\upload\admin\model\design\photo.php on line 46
2016-03-15 8:23:35 - PHP Notice:  Undefined variable: bcit_header in E:\wamp\www\upload\catalog\view\theme\bcit-solutions-01\template\photo\category.tpl on line 1
2016-03-15 8:23:35 - PHP Notice:  Undefined variable: bcit_logo in E:\wamp\www\upload\catalog\view\theme\bcit-solutions-01\template\photo\category.tpl on line 2
2016-03-15 8:23:35 - PHP Notice:  Undefined variable: bcit_banner in E:\wamp\www\upload\catalog\view\theme\bcit-solutions-01\template\photo\category.tpl on line 2
2016-03-15 8:23:35 - PHP Notice:  Undefined variable: bcit_menu in E:\wamp\www\upload\catalog\view\theme\bcit-solutions-01\template\photo\category.tpl on line 8
2016-03-15 8:23:35 - PHP Notice:  Undefined variable: thumb in E:\wamp\www\upload\catalog\view\theme\bcit-solutions-01\template\photo\category.tpl on line 30
2016-03-15 8:23:35 - PHP Notice:  Undefined variable: description in E:\wamp\www\upload\catalog\view\theme\bcit-solutions-01\template\photo\category.tpl on line 30
2016-03-15 8:23:35 - PHP Notice:  Undefined variable: button_list in E:\wamp\www\upload\catalog\view\theme\bcit-solutions-01\template\photo\category.tpl on line 49
2016-03-15 8:23:35 - PHP Notice:  Undefined variable: button_grid in E:\wamp\www\upload\catalog\view\theme\bcit-solutions-01\template\photo\category.tpl on line 50
2016-03-15 8:23:35 - PHP Notice:  Undefined variable: text_limit in E:\wamp\www\upload\catalog\view\theme\bcit-solutions-01\template\photo\category.tpl on line 55
2016-03-15 8:23:35 - PHP Notice:  Undefined variable: limits in E:\wamp\www\upload\catalog\view\theme\bcit-solutions-01\template\photo\category.tpl on line 59
2016-03-15 8:23:35 - PHP Warning:  Invalid argument supplied for foreach() in E:\wamp\www\upload\catalog\view\theme\bcit-solutions-01\template\photo\category.tpl on line 59
2016-03-15 8:23:35 - PHP Notice:  Undefined variable: pagination in E:\wamp\www\upload\catalog\view\theme\bcit-solutions-01\template\photo\category.tpl on line 97
2016-03-15 8:23:35 - PHP Notice:  Undefined variable: results in E:\wamp\www\upload\catalog\view\theme\bcit-solutions-01\template\photo\category.tpl on line 98
2016-03-15 8:23:35 - PHP Notice:  Undefined variable: categories in E:\wamp\www\upload\catalog\view\theme\bcit-solutions-01\template\photo\category.tpl on line 101
2016-03-15 8:23:35 - PHP Notice:  Undefined variable: photos in E:\wamp\www\upload\catalog\view\theme\bcit-solutions-01\template\photo\category.tpl on line 101
2016-03-15 8:23:35 - PHP Notice:  Undefined variable: continue in E:\wamp\www\upload\catalog\view\theme\bcit-solutions-01\template\photo\category.tpl on line 104
2016-03-15 8:23:35 - PHP Notice:  Undefined variable: bcit_footer in E:\wamp\www\upload\catalog\view\theme\bcit-solutions-01\template\photo\category.tpl on line 110
2016-03-15 8:25:25 - PHP Notice:  Undefined variable: thumb in E:\wamp\www\upload\catalog\view\theme\bcit-solutions-01\template\photo\category.tpl on line 30
2016-03-15 8:25:25 - PHP Notice:  Undefined variable: description in E:\wamp\www\upload\catalog\view\theme\bcit-solutions-01\template\photo\category.tpl on line 30
2016-03-15 8:25:25 - PHP Notice:  Undefined variable: button_list in E:\wamp\www\upload\catalog\view\theme\bcit-solutions-01\template\photo\category.tpl on line 49
2016-03-15 8:25:25 - PHP Notice:  Undefined variable: button_grid in E:\wamp\www\upload\catalog\view\theme\bcit-solutions-01\template\photo\category.tpl on line 50
2016-03-15 8:25:25 - PHP Notice:  Undefined variable: text_limit in E:\wamp\www\upload\catalog\view\theme\bcit-solutions-01\template\photo\category.tpl on line 55
2016-03-15 8:25:25 - PHP Notice:  Undefined variable: limits in E:\wamp\www\upload\catalog\view\theme\bcit-solutions-01\template\photo\category.tpl on line 59
2016-03-15 8:25:25 - PHP Warning:  Invalid argument supplied for foreach() in E:\wamp\www\upload\catalog\view\theme\bcit-solutions-01\template\photo\category.tpl on line 59
2016-03-15 8:25:25 - PHP Notice:  Undefined variable: pagination in E:\wamp\www\upload\catalog\view\theme\bcit-solutions-01\template\photo\category.tpl on line 97
2016-03-15 8:25:25 - PHP Notice:  Undefined variable: results in E:\wamp\www\upload\catalog\view\theme\bcit-solutions-01\template\photo\category.tpl on line 98
2016-03-15 8:25:25 - PHP Notice:  Undefined variable: categories in E:\wamp\www\upload\catalog\view\theme\bcit-solutions-01\template\photo\category.tpl on line 101
2016-03-15 8:25:25 - PHP Notice:  Undefined variable: photos in E:\wamp\www\upload\catalog\view\theme\bcit-solutions-01\template\photo\category.tpl on line 101
2016-03-15 8:25:25 - PHP Notice:  Undefined variable: continue in E:\wamp\www\upload\catalog\view\theme\bcit-solutions-01\template\photo\category.tpl on line 104
2016-03-15 8:26:10 - PHP Notice:  Undefined variable: thumb in E:\wamp\www\upload\catalog\view\theme\bcit-solutions-01\template\photo\category.tpl on line 30
2016-03-15 8:26:10 - PHP Notice:  Undefined variable: description in E:\wamp\www\upload\catalog\view\theme\bcit-solutions-01\template\photo\category.tpl on line 30
2016-03-15 8:26:10 - PHP Notice:  Undefined variable: button_list in E:\wamp\www\upload\catalog\view\theme\bcit-solutions-01\template\photo\category.tpl on line 49
2016-03-15 8:26:10 - PHP Notice:  Undefined variable: button_grid in E:\wamp\www\upload\catalog\view\theme\bcit-solutions-01\template\photo\category.tpl on line 50
2016-03-15 8:26:10 - PHP Notice:  Undefined variable: text_limit in E:\wamp\www\upload\catalog\view\theme\bcit-solutions-01\template\photo\category.tpl on line 55
2016-03-15 8:26:10 - PHP Notice:  Undefined variable: limits in E:\wamp\www\upload\catalog\view\theme\bcit-solutions-01\template\photo\category.tpl on line 59
2016-03-15 8:26:10 - PHP Warning:  Invalid argument supplied for foreach() in E:\wamp\www\upload\catalog\view\theme\bcit-solutions-01\template\photo\category.tpl on line 59
2016-03-15 8:26:10 - PHP Notice:  Undefined variable: categories in E:\wamp\www\upload\catalog\view\theme\bcit-solutions-01\template\photo\category.tpl on line 98
2016-03-15 8:26:10 - PHP Notice:  Undefined variable: photos in E:\wamp\www\upload\catalog\view\theme\bcit-solutions-01\template\photo\category.tpl on line 98
2016-03-15 8:26:10 - PHP Notice:  Undefined variable: continue in E:\wamp\www\upload\catalog\view\theme\bcit-solutions-01\template\photo\category.tpl on line 101
2016-03-15 8:26:44 - PHP Notice:  Undefined variable: thumb in E:\wamp\www\upload\catalog\view\theme\bcit-solutions-01\template\photo\category.tpl on line 30
2016-03-15 8:26:44 - PHP Notice:  Undefined variable: description in E:\wamp\www\upload\catalog\view\theme\bcit-solutions-01\template\photo\category.tpl on line 30
2016-03-15 8:26:44 - PHP Notice:  Undefined variable: categories in E:\wamp\www\upload\catalog\view\theme\bcit-solutions-01\template\photo\category.tpl on line 74
2016-03-15 8:26:44 - PHP Notice:  Undefined variable: photos in E:\wamp\www\upload\catalog\view\theme\bcit-solutions-01\template\photo\category.tpl on line 74
2016-03-15 8:26:44 - PHP Notice:  Undefined variable: continue in E:\wamp\www\upload\catalog\view\theme\bcit-solutions-01\template\photo\category.tpl on line 77
2016-03-15 8:27:03 - PHP Notice:  Undefined variable: categories in E:\wamp\www\upload\catalog\view\theme\bcit-solutions-01\template\photo\category.tpl on line 63
2016-03-15 8:27:03 - PHP Notice:  Undefined variable: photos in E:\wamp\www\upload\catalog\view\theme\bcit-solutions-01\template\photo\category.tpl on line 63
2016-03-15 8:27:03 - PHP Notice:  Undefined variable: continue in E:\wamp\www\upload\catalog\view\theme\bcit-solutions-01\template\photo\category.tpl on line 66
2016-03-15 8:45:25 - PHP Notice:  Undefined variable: ncategory_info in E:\wamp\www\upload\catalog\controller\photo\photo.php on line 27
2016-03-15 8:45:25 - PHP Notice:  Undefined variable: url in E:\wamp\www\upload\catalog\controller\photo\photo.php on line 28
2016-03-15 8:45:51 - PHP Notice:  Undefined variable: url in E:\wamp\www\upload\catalog\controller\photo\photo.php on line 28
2016-03-15 8:49:00 - PHP Notice:  Undefined variable: news_info in E:\wamp\www\upload\catalog\controller\photo\photo.php on line 32
2016-03-15 8:49:00 - PHP Notice:  Undefined variable: bcit_header in E:\wamp\www\upload\catalog\view\theme\bcit-solutions-01\template\news\news.tpl on line 1
2016-03-15 8:49:00 - PHP Notice:  Undefined variable: bcit_logo in E:\wamp\www\upload\catalog\view\theme\bcit-solutions-01\template\news\news.tpl on line 2
2016-03-15 8:49:00 - PHP Notice:  Undefined variable: bcit_banner in E:\wamp\www\upload\catalog\view\theme\bcit-solutions-01\template\news\news.tpl on line 2
2016-03-15 8:49:00 - PHP Notice:  Undefined variable: bcit_menu in E:\wamp\www\upload\catalog\view\theme\bcit-solutions-01\template\news\news.tpl on line 8
2016-03-15 8:49:00 - PHP Notice:  Undefined variable: column_left in E:\wamp\www\upload\catalog\view\theme\bcit-solutions-01\template\news\news.tpl on line 22
2016-03-15 8:49:00 - PHP Notice:  Undefined variable: column_left in E:\wamp\www\upload\catalog\view\theme\bcit-solutions-01\template\news\news.tpl on line 23
2016-03-15 8:49:00 - PHP Notice:  Undefined variable: column_left in E:\wamp\www\upload\catalog\view\theme\bcit-solutions-01\template\news\news.tpl on line 25
2016-03-15 8:49:00 - PHP Notice:  Undefined variable: column_right in E:\wamp\www\upload\catalog\view\theme\bcit-solutions-01\template\news\news.tpl on line 25
2016-03-15 8:49:00 - PHP Notice:  Undefined variable: content_top in E:\wamp\www\upload\catalog\view\theme\bcit-solutions-01\template\news\news.tpl on line 31
2016-03-15 8:49:00 - PHP Notice:  Undefined variable: content in E:\wamp\www\upload\catalog\view\theme\bcit-solutions-01\template\news\news.tpl on line 37
2016-03-15 8:49:00 - PHP Notice:  Undefined variable: downloads in E:\wamp\www\upload\catalog\view\theme\bcit-solutions-01\template\news\news.tpl on line 39
2016-03-15 8:49:00 - PHP Notice:  Undefined variable: tags in E:\wamp\www\upload\catalog\view\theme\bcit-solutions-01\template\news\news.tpl on line 68
2016-03-15 8:49:00 - PHP Notice:  Undefined variable: newss in E:\wamp\www\upload\catalog\view\theme\bcit-solutions-01\template\news\news.tpl on line 80
2016-03-15 8:49:00 - PHP Notice:  Undefined variable: content_bottom in E:\wamp\www\upload\catalog\view\theme\bcit-solutions-01\template\news\news.tpl on line 95
2016-03-15 8:49:00 - PHP Notice:  Undefined variable: column_right in E:\wamp\www\upload\catalog\view\theme\bcit-solutions-01\template\news\news.tpl on line 97
2016-03-15 8:49:00 - PHP Notice:  Undefined variable: bcit_footer in E:\wamp\www\upload\catalog\view\theme\bcit-solutions-01\template\news\news.tpl on line 101
2016-03-15 9:30:22 - PHP Notice:  Undefined variable: ncategory_info in E:\wamp\www\upload\catalog\controller\photo\photo.php on line 26
2016-03-15 9:30:22 - PHP Notice:  Undefined variable: url in E:\wamp\www\upload\catalog\controller\photo\photo.php on line 46
2016-03-15 9:30:22 - PHP Notice:  Undefined variable: news_id in E:\wamp\www\upload\catalog\controller\photo\photo.php on line 46
2016-03-15 9:30:59 - PHP Notice:  Undefined variable: news_info in E:\wamp\www\upload\catalog\controller\photo\photo.php on line 33
2016-03-15 9:30:59 - PHP Notice:  Undefined variable: bcit_header in E:\wamp\www\upload\catalog\view\theme\bcit-solutions-01\template\news\news.tpl on line 1
2016-03-15 9:30:59 - PHP Notice:  Undefined variable: bcit_logo in E:\wamp\www\upload\catalog\view\theme\bcit-solutions-01\template\news\news.tpl on line 2
2016-03-15 9:30:59 - PHP Notice:  Undefined variable: bcit_banner in E:\wamp\www\upload\catalog\view\theme\bcit-solutions-01\template\news\news.tpl on line 2
2016-03-15 9:30:59 - PHP Notice:  Undefined variable: bcit_menu in E:\wamp\www\upload\catalog\view\theme\bcit-solutions-01\template\news\news.tpl on line 8
2016-03-15 9:30:59 - PHP Notice:  Undefined variable: column_left in E:\wamp\www\upload\catalog\view\theme\bcit-solutions-01\template\news\news.tpl on line 22
2016-03-15 9:30:59 - PHP Notice:  Undefined variable: column_left in E:\wamp\www\upload\catalog\view\theme\bcit-solutions-01\template\news\news.tpl on line 23
2016-03-15 9:30:59 - PHP Notice:  Undefined variable: column_left in E:\wamp\www\upload\catalog\view\theme\bcit-solutions-01\template\news\news.tpl on line 25
2016-03-15 9:30:59 - PHP Notice:  Undefined variable: column_right in E:\wamp\www\upload\catalog\view\theme\bcit-solutions-01\template\news\news.tpl on line 25
2016-03-15 9:30:59 - PHP Notice:  Undefined variable: content_top in E:\wamp\www\upload\catalog\view\theme\bcit-solutions-01\template\news\news.tpl on line 31
2016-03-15 9:30:59 - PHP Notice:  Undefined variable: content in E:\wamp\www\upload\catalog\view\theme\bcit-solutions-01\template\news\news.tpl on line 37
2016-03-15 9:30:59 - PHP Notice:  Undefined variable: downloads in E:\wamp\www\upload\catalog\view\theme\bcit-solutions-01\template\news\news.tpl on line 39
2016-03-15 9:30:59 - PHP Notice:  Undefined variable: tags in E:\wamp\www\upload\catalog\view\theme\bcit-solutions-01\template\news\news.tpl on line 68
2016-03-15 9:30:59 - PHP Notice:  Undefined variable: newss in E:\wamp\www\upload\catalog\view\theme\bcit-solutions-01\template\news\news.tpl on line 80
2016-03-15 9:30:59 - PHP Notice:  Undefined variable: content_bottom in E:\wamp\www\upload\catalog\view\theme\bcit-solutions-01\template\news\news.tpl on line 95
2016-03-15 9:30:59 - PHP Notice:  Undefined variable: column_right in E:\wamp\www\upload\catalog\view\theme\bcit-solutions-01\template\news\news.tpl on line 97
2016-03-15 9:30:59 - PHP Notice:  Undefined variable: bcit_footer in E:\wamp\www\upload\catalog\view\theme\bcit-solutions-01\template\news\news.tpl on line 101
2016-03-15 9:32:03 - PHP Notice:  Undefined index: name in E:\wamp\www\upload\catalog\controller\photo\photo.php on line 28
2016-03-15 9:32:03 - PHP Notice:  Undefined index: name in E:\wamp\www\upload\catalog\controller\photo\photo.php on line 32
2016-03-15 9:32:03 - PHP Notice:  Undefined variable: bcit_header in E:\wamp\www\upload\catalog\view\theme\bcit-solutions-01\template\news\news.tpl on line 1
2016-03-15 9:32:03 - PHP Notice:  Undefined variable: bcit_logo in E:\wamp\www\upload\catalog\view\theme\bcit-solutions-01\template\news\news.tpl on line 2
2016-03-15 9:32:03 - PHP Notice:  Undefined variable: bcit_banner in E:\wamp\www\upload\catalog\view\theme\bcit-solutions-01\template\news\news.tpl on line 2
2016-03-15 9:32:03 - PHP Notice:  Undefined variable: bcit_menu in E:\wamp\www\upload\catalog\view\theme\bcit-solutions-01\template\news\news.tpl on line 8
2016-03-15 9:32:03 - PHP Notice:  Undefined variable: column_left in E:\wamp\www\upload\catalog\view\theme\bcit-solutions-01\template\news\news.tpl on line 22
2016-03-15 9:32:03 - PHP Notice:  Undefined variable: column_left in E:\wamp\www\upload\catalog\view\theme\bcit-solutions-01\template\news\news.tpl on line 23
2016-03-15 9:32:03 - PHP Notice:  Undefined variable: column_left in E:\wamp\www\upload\catalog\view\theme\bcit-solutions-01\template\news\news.tpl on line 25
2016-03-15 9:32:03 - PHP Notice:  Undefined variable: column_right in E:\wamp\www\upload\catalog\view\theme\bcit-solutions-01\template\news\news.tpl on line 25
2016-03-15 9:32:03 - PHP Notice:  Undefined variable: content_top in E:\wamp\www\upload\catalog\view\theme\bcit-solutions-01\template\news\news.tpl on line 31
2016-03-15 9:32:03 - PHP Notice:  Undefined variable: content in E:\wamp\www\upload\catalog\view\theme\bcit-solutions-01\template\news\news.tpl on line 37
2016-03-15 9:32:03 - PHP Notice:  Undefined variable: downloads in E:\wamp\www\upload\catalog\view\theme\bcit-solutions-01\template\news\news.tpl on line 39
2016-03-15 9:32:03 - PHP Notice:  Undefined variable: tags in E:\wamp\www\upload\catalog\view\theme\bcit-solutions-01\template\news\news.tpl on line 68
2016-03-15 9:32:03 - PHP Notice:  Undefined variable: newss in E:\wamp\www\upload\catalog\view\theme\bcit-solutions-01\template\news\news.tpl on line 80
2016-03-15 9:32:03 - PHP Notice:  Undefined variable: content_bottom in E:\wamp\www\upload\catalog\view\theme\bcit-solutions-01\template\news\news.tpl on line 95
2016-03-15 9:32:03 - PHP Notice:  Undefined variable: column_right in E:\wamp\www\upload\catalog\view\theme\bcit-solutions-01\template\news\news.tpl on line 97
2016-03-15 9:32:03 - PHP Notice:  Undefined variable: bcit_footer in E:\wamp\www\upload\catalog\view\theme\bcit-solutions-01\template\news\news.tpl on line 101
2016-03-15 9:32:04 - PHP Notice:  Undefined index: name in E:\wamp\www\upload\catalog\controller\photo\photo.php on line 28
2016-03-15 9:32:04 - PHP Notice:  Undefined index: name in E:\wamp\www\upload\catalog\controller\photo\photo.php on line 32
2016-03-15 9:32:04 - PHP Notice:  Undefined variable: bcit_header in E:\wamp\www\upload\catalog\view\theme\bcit-solutions-01\template\news\news.tpl on line 1
2016-03-15 9:32:04 - PHP Notice:  Undefined variable: bcit_logo in E:\wamp\www\upload\catalog\view\theme\bcit-solutions-01\template\news\news.tpl on line 2
2016-03-15 9:32:04 - PHP Notice:  Undefined variable: bcit_banner in E:\wamp\www\upload\catalog\view\theme\bcit-solutions-01\template\news\news.tpl on line 2
2016-03-15 9:32:04 - PHP Notice:  Undefined variable: bcit_menu in E:\wamp\www\upload\catalog\view\theme\bcit-solutions-01\template\news\news.tpl on line 8
2016-03-15 9:32:04 - PHP Notice:  Undefined variable: column_left in E:\wamp\www\upload\catalog\view\theme\bcit-solutions-01\template\news\news.tpl on line 22
2016-03-15 9:32:04 - PHP Notice:  Undefined variable: column_left in E:\wamp\www\upload\catalog\view\theme\bcit-solutions-01\template\news\news.tpl on line 23
2016-03-15 9:32:04 - PHP Notice:  Undefined variable: column_left in E:\wamp\www\upload\catalog\view\theme\bcit-solutions-01\template\news\news.tpl on line 25
2016-03-15 9:32:04 - PHP Notice:  Undefined variable: column_right in E:\wamp\www\upload\catalog\view\theme\bcit-solutions-01\template\news\news.tpl on line 25
2016-03-15 9:32:04 - PHP Notice:  Undefined variable: content_top in E:\wamp\www\upload\catalog\view\theme\bcit-solutions-01\template\news\news.tpl on line 31
2016-03-15 9:32:04 - PHP Notice:  Undefined variable: content in E:\wamp\www\upload\catalog\view\theme\bcit-solutions-01\template\news\news.tpl on line 37
2016-03-15 9:32:04 - PHP Notice:  Undefined variable: downloads in E:\wamp\www\upload\catalog\view\theme\bcit-solutions-01\template\news\news.tpl on line 39
2016-03-15 9:32:04 - PHP Notice:  Undefined variable: tags in E:\wamp\www\upload\catalog\view\theme\bcit-solutions-01\template\news\news.tpl on line 68
2016-03-15 9:32:04 - PHP Notice:  Undefined variable: newss in E:\wamp\www\upload\catalog\view\theme\bcit-solutions-01\template\news\news.tpl on line 80
2016-03-15 9:32:04 - PHP Notice:  Undefined variable: content_bottom in E:\wamp\www\upload\catalog\view\theme\bcit-solutions-01\template\news\news.tpl on line 95
2016-03-15 9:32:04 - PHP Notice:  Undefined variable: column_right in E:\wamp\www\upload\catalog\view\theme\bcit-solutions-01\template\news\news.tpl on line 97
2016-03-15 9:32:04 - PHP Notice:  Undefined variable: bcit_footer in E:\wamp\www\upload\catalog\view\theme\bcit-solutions-01\template\news\news.tpl on line 101
2016-03-15 9:34:33 - PHP Notice:  Undefined index: name in E:\wamp\www\upload\catalog\controller\photo\photo.php on line 28
2016-03-15 9:34:33 - PHP Notice:  Undefined index: name in E:\wamp\www\upload\catalog\controller\photo\photo.php on line 32
2016-03-15 9:34:33 - PHP Notice:  Undefined variable: bcit_header in E:\wamp\www\upload\catalog\view\theme\bcit-solutions-01\template\news\news.tpl on line 1
2016-03-15 9:34:33 - PHP Notice:  Undefined variable: bcit_logo in E:\wamp\www\upload\catalog\view\theme\bcit-solutions-01\template\news\news.tpl on line 2
2016-03-15 9:34:33 - PHP Notice:  Undefined variable: bcit_banner in E:\wamp\www\upload\catalog\view\theme\bcit-solutions-01\template\news\news.tpl on line 2
2016-03-15 9:34:33 - PHP Notice:  Undefined variable: bcit_menu in E:\wamp\www\upload\catalog\view\theme\bcit-solutions-01\template\news\news.tpl on line 8
2016-03-15 9:34:33 - PHP Notice:  Undefined variable: column_left in E:\wamp\www\upload\catalog\view\theme\bcit-solutions-01\template\news\news.tpl on line 22
2016-03-15 9:34:33 - PHP Notice:  Undefined variable: column_left in E:\wamp\www\upload\catalog\view\theme\bcit-solutions-01\template\news\news.tpl on line 23
2016-03-15 9:34:33 - PHP Notice:  Undefined variable: column_left in E:\wamp\www\upload\catalog\view\theme\bcit-solutions-01\template\news\news.tpl on line 25
2016-03-15 9:34:33 - PHP Notice:  Undefined variable: column_right in E:\wamp\www\upload\catalog\view\theme\bcit-solutions-01\template\news\news.tpl on line 25
2016-03-15 9:34:33 - PHP Notice:  Undefined variable: content_top in E:\wamp\www\upload\catalog\view\theme\bcit-solutions-01\template\news\news.tpl on line 31
2016-03-15 9:34:33 - PHP Notice:  Undefined variable: content in E:\wamp\www\upload\catalog\view\theme\bcit-solutions-01\template\news\news.tpl on line 37
2016-03-15 9:34:33 - PHP Notice:  Undefined variable: downloads in E:\wamp\www\upload\catalog\view\theme\bcit-solutions-01\template\news\news.tpl on line 39
2016-03-15 9:34:33 - PHP Notice:  Undefined variable: tags in E:\wamp\www\upload\catalog\view\theme\bcit-solutions-01\template\news\news.tpl on line 68
2016-03-15 9:34:33 - PHP Notice:  Undefined variable: newss in E:\wamp\www\upload\catalog\view\theme\bcit-solutions-01\template\news\news.tpl on line 80
2016-03-15 9:34:33 - PHP Notice:  Undefined variable: content_bottom in E:\wamp\www\upload\catalog\view\theme\bcit-solutions-01\template\news\news.tpl on line 95
2016-03-15 9:34:33 - PHP Notice:  Undefined variable: column_right in E:\wamp\www\upload\catalog\view\theme\bcit-solutions-01\template\news\news.tpl on line 97
2016-03-15 9:34:33 - PHP Notice:  Undefined variable: bcit_footer in E:\wamp\www\upload\catalog\view\theme\bcit-solutions-01\template\news\news.tpl on line 101
2016-03-15 9:34:35 - PHP Notice:  Undefined index: name in E:\wamp\www\upload\catalog\controller\photo\photo.php on line 28
2016-03-15 9:34:35 - PHP Notice:  Undefined index: name in E:\wamp\www\upload\catalog\controller\photo\photo.php on line 32
2016-03-15 9:34:35 - PHP Notice:  Undefined variable: bcit_header in E:\wamp\www\upload\catalog\view\theme\bcit-solutions-01\template\news\news.tpl on line 1
2016-03-15 9:34:35 - PHP Notice:  Undefined variable: bcit_logo in E:\wamp\www\upload\catalog\view\theme\bcit-solutions-01\template\news\news.tpl on line 2
2016-03-15 9:34:35 - PHP Notice:  Undefined variable: bcit_banner in E:\wamp\www\upload\catalog\view\theme\bcit-solutions-01\template\news\news.tpl on line 2
2016-03-15 9:34:35 - PHP Notice:  Undefined variable: bcit_menu in E:\wamp\www\upload\catalog\view\theme\bcit-solutions-01\template\news\news.tpl on line 8
2016-03-15 9:34:35 - PHP Notice:  Undefined variable: column_left in E:\wamp\www\upload\catalog\view\theme\bcit-solutions-01\template\news\news.tpl on line 22
2016-03-15 9:34:35 - PHP Notice:  Undefined variable: column_left in E:\wamp\www\upload\catalog\view\theme\bcit-solutions-01\template\news\news.tpl on line 23
2016-03-15 9:34:35 - PHP Notice:  Undefined variable: column_left in E:\wamp\www\upload\catalog\view\theme\bcit-solutions-01\template\news\news.tpl on line 25
2016-03-15 9:34:35 - PHP Notice:  Undefined variable: column_right in E:\wamp\www\upload\catalog\view\theme\bcit-solutions-01\template\news\news.tpl on line 25
2016-03-15 9:34:35 - PHP Notice:  Undefined variable: content_top in E:\wamp\www\upload\catalog\view\theme\bcit-solutions-01\template\news\news.tpl on line 31
2016-03-15 9:34:35 - PHP Notice:  Undefined variable: content in E:\wamp\www\upload\catalog\view\theme\bcit-solutions-01\template\news\news.tpl on line 37
2016-03-15 9:34:35 - PHP Notice:  Undefined variable: downloads in E:\wamp\www\upload\catalog\view\theme\bcit-solutions-01\template\news\news.tpl on line 39
2016-03-15 9:34:35 - PHP Notice:  Undefined variable: tags in E:\wamp\www\upload\catalog\view\theme\bcit-solutions-01\template\news\news.tpl on line 68
2016-03-15 9:34:35 - PHP Notice:  Undefined variable: newss in E:\wamp\www\upload\catalog\view\theme\bcit-solutions-01\template\news\news.tpl on line 80
2016-03-15 9:34:35 - PHP Notice:  Undefined variable: content_bottom in E:\wamp\www\upload\catalog\view\theme\bcit-solutions-01\template\news\news.tpl on line 95
2016-03-15 9:34:35 - PHP Notice:  Undefined variable: column_right in E:\wamp\www\upload\catalog\view\theme\bcit-solutions-01\template\news\news.tpl on line 97
2016-03-15 9:34:35 - PHP Notice:  Undefined variable: bcit_footer in E:\wamp\www\upload\catalog\view\theme\bcit-solutions-01\template\news\news.tpl on line 101
2016-03-15 9:34:35 - PHP Notice:  Undefined index: name in E:\wamp\www\upload\catalog\controller\photo\photo.php on line 28
2016-03-15 9:34:35 - PHP Notice:  Undefined index: name in E:\wamp\www\upload\catalog\controller\photo\photo.php on line 32
2016-03-15 9:34:35 - PHP Notice:  Undefined variable: bcit_header in E:\wamp\www\upload\catalog\view\theme\bcit-solutions-01\template\news\news.tpl on line 1
2016-03-15 9:34:35 - PHP Notice:  Undefined variable: bcit_logo in E:\wamp\www\upload\catalog\view\theme\bcit-solutions-01\template\news\news.tpl on line 2
2016-03-15 9:34:35 - PHP Notice:  Undefined variable: bcit_banner in E:\wamp\www\upload\catalog\view\theme\bcit-solutions-01\template\news\news.tpl on line 2
2016-03-15 9:34:35 - PHP Notice:  Undefined variable: bcit_menu in E:\wamp\www\upload\catalog\view\theme\bcit-solutions-01\template\news\news.tpl on line 8
2016-03-15 9:34:35 - PHP Notice:  Undefined variable: column_left in E:\wamp\www\upload\catalog\view\theme\bcit-solutions-01\template\news\news.tpl on line 22
2016-03-15 9:34:35 - PHP Notice:  Undefined variable: column_left in E:\wamp\www\upload\catalog\view\theme\bcit-solutions-01\template\news\news.tpl on line 23
2016-03-15 9:34:35 - PHP Notice:  Undefined variable: column_left in E:\wamp\www\upload\catalog\view\theme\bcit-solutions-01\template\news\news.tpl on line 25
2016-03-15 9:34:35 - PHP Notice:  Undefined variable: column_right in E:\wamp\www\upload\catalog\view\theme\bcit-solutions-01\template\news\news.tpl on line 25
2016-03-15 9:34:35 - PHP Notice:  Undefined variable: content_top in E:\wamp\www\upload\catalog\view\theme\bcit-solutions-01\template\news\news.tpl on line 31
2016-03-15 9:34:35 - PHP Notice:  Undefined variable: content in E:\wamp\www\upload\catalog\view\theme\bcit-solutions-01\template\news\news.tpl on line 37
2016-03-15 9:34:35 - PHP Notice:  Undefined variable: downloads in E:\wamp\www\upload\catalog\view\theme\bcit-solutions-01\template\news\news.tpl on line 39
2016-03-15 9:34:35 - PHP Notice:  Undefined variable: tags in E:\wamp\www\upload\catalog\view\theme\bcit-solutions-01\template\news\news.tpl on line 68
2016-03-15 9:34:35 - PHP Notice:  Undefined variable: newss in E:\wamp\www\upload\catalog\view\theme\bcit-solutions-01\template\news\news.tpl on line 80
2016-03-15 9:34:35 - PHP Notice:  Undefined variable: content_bottom in E:\wamp\www\upload\catalog\view\theme\bcit-solutions-01\template\news\news.tpl on line 95
2016-03-15 9:34:35 - PHP Notice:  Undefined variable: column_right in E:\wamp\www\upload\catalog\view\theme\bcit-solutions-01\template\news\news.tpl on line 97
2016-03-15 9:34:35 - PHP Notice:  Undefined variable: bcit_footer in E:\wamp\www\upload\catalog\view\theme\bcit-solutions-01\template\news\news.tpl on line 101
2016-03-15 9:34:36 - PHP Notice:  Undefined index: name in E:\wamp\www\upload\catalog\controller\photo\photo.php on line 28
2016-03-15 9:34:36 - PHP Notice:  Undefined index: name in E:\wamp\www\upload\catalog\controller\photo\photo.php on line 32
2016-03-15 9:34:36 - PHP Notice:  Undefined variable: bcit_header in E:\wamp\www\upload\catalog\view\theme\bcit-solutions-01\template\news\news.tpl on line 1
2016-03-15 9:34:36 - PHP Notice:  Undefined variable: bcit_logo in E:\wamp\www\upload\catalog\view\theme\bcit-solutions-01\template\news\news.tpl on line 2
2016-03-15 9:34:36 - PHP Notice:  Undefined variable: bcit_banner in E:\wamp\www\upload\catalog\view\theme\bcit-solutions-01\template\news\news.tpl on line 2
2016-03-15 9:34:36 - PHP Notice:  Undefined variable: bcit_menu in E:\wamp\www\upload\catalog\view\theme\bcit-solutions-01\template\news\news.tpl on line 8
2016-03-15 9:34:36 - PHP Notice:  Undefined variable: column_left in E:\wamp\www\upload\catalog\view\theme\bcit-solutions-01\template\news\news.tpl on line 22
2016-03-15 9:34:36 - PHP Notice:  Undefined variable: column_left in E:\wamp\www\upload\catalog\view\theme\bcit-solutions-01\template\news\news.tpl on line 23
2016-03-15 9:34:36 - PHP Notice:  Undefined variable: column_left in E:\wamp\www\upload\catalog\view\theme\bcit-solutions-01\template\news\news.tpl on line 25
2016-03-15 9:34:36 - PHP Notice:  Undefined variable: column_right in E:\wamp\www\upload\catalog\view\theme\bcit-solutions-01\template\news\news.tpl on line 25
2016-03-15 9:34:36 - PHP Notice:  Undefined variable: content_top in E:\wamp\www\upload\catalog\view\theme\bcit-solutions-01\template\news\news.tpl on line 31
2016-03-15 9:34:36 - PHP Notice:  Undefined variable: content in E:\wamp\www\upload\catalog\view\theme\bcit-solutions-01\template\news\news.tpl on line 37
2016-03-15 9:34:36 - PHP Notice:  Undefined variable: downloads in E:\wamp\www\upload\catalog\view\theme\bcit-solutions-01\template\news\news.tpl on line 39
2016-03-15 9:34:36 - PHP Notice:  Undefined variable: tags in E:\wamp\www\upload\catalog\view\theme\bcit-solutions-01\template\news\news.tpl on line 68
2016-03-15 9:34:36 - PHP Notice:  Undefined variable: newss in E:\wamp\www\upload\catalog\view\theme\bcit-solutions-01\template\news\news.tpl on line 80
2016-03-15 9:34:36 - PHP Notice:  Undefined variable: content_bottom in E:\wamp\www\upload\catalog\view\theme\bcit-solutions-01\template\news\news.tpl on line 95
2016-03-15 9:34:36 - PHP Notice:  Undefined variable: column_right in E:\wamp\www\upload\catalog\view\theme\bcit-solutions-01\template\news\news.tpl on line 97
2016-03-15 9:34:36 - PHP Notice:  Undefined variable: bcit_footer in E:\wamp\www\upload\catalog\view\theme\bcit-solutions-01\template\news\news.tpl on line 101
2016-03-15 9:34:45 - PHP Notice:  Undefined variable: ablum_info in E:\wamp\www\upload\catalog\controller\photo\photo.php on line 26
2016-03-15 9:34:45 - PHP Notice:  Undefined variable: url in E:\wamp\www\upload\catalog\controller\photo\photo.php on line 45
2016-03-15 9:34:45 - PHP Notice:  Undefined variable: news_id in E:\wamp\www\upload\catalog\controller\photo\photo.php on line 45
2016-03-15 9:38:51 - PHP Notice:  Undefined index: ablum_id in E:\wamp\www\upload\catalog\controller\photo\photo.php on line 23
2016-03-15 9:38:51 - PHP Notice:  Undefined variable: url in E:\wamp\www\upload\catalog\controller\photo\photo.php on line 45
2016-03-15 9:38:51 - PHP Notice:  Undefined variable: news_id in E:\wamp\www\upload\catalog\controller\photo\photo.php on line 45
2016-03-15 9:39:08 - PHP Notice:  Undefined index: name in E:\wamp\www\upload\catalog\controller\photo\photo.php on line 28
2016-03-15 9:39:08 - PHP Notice:  Undefined index: name in E:\wamp\www\upload\catalog\controller\photo\photo.php on line 32
2016-03-15 9:39:08 - PHP Notice:  Undefined variable: bcit_header in E:\wamp\www\upload\catalog\view\theme\bcit-solutions-01\template\news\news.tpl on line 1
2016-03-15 9:39:08 - PHP Notice:  Undefined variable: bcit_logo in E:\wamp\www\upload\catalog\view\theme\bcit-solutions-01\template\news\news.tpl on line 2
2016-03-15 9:39:08 - PHP Notice:  Undefined variable: bcit_banner in E:\wamp\www\upload\catalog\view\theme\bcit-solutions-01\template\news\news.tpl on line 2
2016-03-15 9:39:08 - PHP Notice:  Undefined variable: bcit_menu in E:\wamp\www\upload\catalog\view\theme\bcit-solutions-01\template\news\news.tpl on line 8
2016-03-15 9:39:08 - PHP Notice:  Undefined variable: column_left in E:\wamp\www\upload\catalog\view\theme\bcit-solutions-01\template\news\news.tpl on line 22
2016-03-15 9:39:08 - PHP Notice:  Undefined variable: column_left in E:\wamp\www\upload\catalog\view\theme\bcit-solutions-01\template\news\news.tpl on line 23
2016-03-15 9:39:08 - PHP Notice:  Undefined variable: column_left in E:\wamp\www\upload\catalog\view\theme\bcit-solutions-01\template\news\news.tpl on line 25
2016-03-15 9:39:08 - PHP Notice:  Undefined variable: column_right in E:\wamp\www\upload\catalog\view\theme\bcit-solutions-01\template\news\news.tpl on line 25
2016-03-15 9:39:08 - PHP Notice:  Undefined variable: content_top in E:\wamp\www\upload\catalog\view\theme\bcit-solutions-01\template\news\news.tpl on line 31
2016-03-15 9:39:08 - PHP Notice:  Undefined variable: content in E:\wamp\www\upload\catalog\view\theme\bcit-solutions-01\template\news\news.tpl on line 37
2016-03-15 9:39:08 - PHP Notice:  Undefined variable: downloads in E:\wamp\www\upload\catalog\view\theme\bcit-solutions-01\template\news\news.tpl on line 39
2016-03-15 9:39:08 - PHP Notice:  Undefined variable: tags in E:\wamp\www\upload\catalog\view\theme\bcit-solutions-01\template\news\news.tpl on line 68
2016-03-15 9:39:08 - PHP Notice:  Undefined variable: newss in E:\wamp\www\upload\catalog\view\theme\bcit-solutions-01\template\news\news.tpl on line 80
2016-03-15 9:39:08 - PHP Notice:  Undefined variable: content_bottom in E:\wamp\www\upload\catalog\view\theme\bcit-solutions-01\template\news\news.tpl on line 95
2016-03-15 9:39:08 - PHP Notice:  Undefined variable: column_right in E:\wamp\www\upload\catalog\view\theme\bcit-solutions-01\template\news\news.tpl on line 97
2016-03-15 9:39:08 - PHP Notice:  Undefined variable: bcit_footer in E:\wamp\www\upload\catalog\view\theme\bcit-solutions-01\template\news\news.tpl on line 101
2016-03-15 9:40:45 - PHP Notice:  Undefined index: name in E:\wamp\www\upload\catalog\controller\photo\photo.php on line 28
2016-03-15 9:40:45 - PHP Notice:  Undefined index: name in E:\wamp\www\upload\catalog\controller\photo\photo.php on line 32
2016-03-15 9:40:46 - PHP Notice:  Undefined variable: bcit_header in E:\wamp\www\upload\catalog\view\theme\bcit-solutions-01\template\news\news.tpl on line 1
2016-03-15 9:40:46 - PHP Notice:  Undefined variable: bcit_logo in E:\wamp\www\upload\catalog\view\theme\bcit-solutions-01\template\news\news.tpl on line 2
2016-03-15 9:40:46 - PHP Notice:  Undefined variable: bcit_banner in E:\wamp\www\upload\catalog\view\theme\bcit-solutions-01\template\news\news.tpl on line 2
2016-03-15 9:40:46 - PHP Notice:  Undefined variable: bcit_menu in E:\wamp\www\upload\catalog\view\theme\bcit-solutions-01\template\news\news.tpl on line 8
2016-03-15 9:40:46 - PHP Notice:  Undefined variable: content in E:\wamp\www\upload\catalog\view\theme\bcit-solutions-01\template\news\news.tpl on line 37
2016-03-15 9:40:46 - PHP Notice:  Undefined variable: downloads in E:\wamp\www\upload\catalog\view\theme\bcit-solutions-01\template\news\news.tpl on line 39
2016-03-15 9:40:46 - PHP Notice:  Undefined variable: tags in E:\wamp\www\upload\catalog\view\theme\bcit-solutions-01\template\news\news.tpl on line 68
2016-03-15 9:40:46 - PHP Notice:  Undefined variable: newss in E:\wamp\www\upload\catalog\view\theme\bcit-solutions-01\template\news\news.tpl on line 80
2016-03-15 9:40:46 - PHP Notice:  Undefined variable: bcit_footer in E:\wamp\www\upload\catalog\view\theme\bcit-solutions-01\template\news\news.tpl on line 101
2016-03-15 9:41:25 - PHP Notice:  Undefined index: name in E:\wamp\www\upload\catalog\controller\photo\photo.php on line 28
2016-03-15 9:41:25 - PHP Notice:  Undefined index: name in E:\wamp\www\upload\catalog\controller\photo\photo.php on line 32
2016-03-15 9:41:25 - PHP Notice:  Undefined variable: bcit_header in E:\wamp\www\upload\catalog\view\theme\bcit-solutions-01\template\photo\photo.tpl on line 1
2016-03-15 9:41:25 - PHP Notice:  Undefined variable: bcit_logo in E:\wamp\www\upload\catalog\view\theme\bcit-solutions-01\template\photo\photo.tpl on line 2
2016-03-15 9:41:25 - PHP Notice:  Undefined variable: bcit_banner in E:\wamp\www\upload\catalog\view\theme\bcit-solutions-01\template\photo\photo.tpl on line 2
2016-03-15 9:41:25 - PHP Notice:  Undefined variable: bcit_menu in E:\wamp\www\upload\catalog\view\theme\bcit-solutions-01\template\photo\photo.tpl on line 8
2016-03-15 9:41:25 - PHP Notice:  Undefined variable: content in E:\wamp\www\upload\catalog\view\theme\bcit-solutions-01\template\photo\photo.tpl on line 37
2016-03-15 9:41:25 - PHP Notice:  Undefined variable: downloads in E:\wamp\www\upload\catalog\view\theme\bcit-solutions-01\template\photo\photo.tpl on line 39
2016-03-15 9:41:25 - PHP Notice:  Undefined variable: tags in E:\wamp\www\upload\catalog\view\theme\bcit-solutions-01\template\photo\photo.tpl on line 68
2016-03-15 9:41:25 - PHP Notice:  Undefined variable: newss in E:\wamp\www\upload\catalog\view\theme\bcit-solutions-01\template\photo\photo.tpl on line 80
2016-03-15 9:41:25 - PHP Notice:  Undefined variable: bcit_footer in E:\wamp\www\upload\catalog\view\theme\bcit-solutions-01\template\photo\photo.tpl on line 101
2016-03-15 9:41:32 - PHP Notice:  Undefined index: name in E:\wamp\www\upload\catalog\controller\photo\photo.php on line 28
2016-03-15 9:41:32 - PHP Notice:  Undefined index: name in E:\wamp\www\upload\catalog\controller\photo\photo.php on line 32
2016-03-15 9:41:32 - PHP Notice:  Undefined variable: bcit_header in E:\wamp\www\upload\catalog\view\theme\bcit-solutions-01\template\photo\photo.tpl on line 1
2016-03-15 9:41:32 - PHP Notice:  Undefined variable: bcit_logo in E:\wamp\www\upload\catalog\view\theme\bcit-solutions-01\template\photo\photo.tpl on line 2
2016-03-15 9:41:32 - PHP Notice:  Undefined variable: bcit_banner in E:\wamp\www\upload\catalog\view\theme\bcit-solutions-01\template\photo\photo.tpl on line 2
2016-03-15 9:41:32 - PHP Notice:  Undefined variable: bcit_menu in E:\wamp\www\upload\catalog\view\theme\bcit-solutions-01\template\photo\photo.tpl on line 8
2016-03-15 9:41:32 - PHP Notice:  Undefined variable: content in E:\wamp\www\upload\catalog\view\theme\bcit-solutions-01\template\photo\photo.tpl on line 37
2016-03-15 9:41:32 - PHP Notice:  Undefined variable: downloads in E:\wamp\www\upload\catalog\view\theme\bcit-solutions-01\template\photo\photo.tpl on line 39
2016-03-15 9:41:32 - PHP Notice:  Undefined variable: tags in E:\wamp\www\upload\catalog\view\theme\bcit-solutions-01\template\photo\photo.tpl on line 68
2016-03-15 9:41:32 - PHP Notice:  Undefined variable: newss in E:\wamp\www\upload\catalog\view\theme\bcit-solutions-01\template\photo\photo.tpl on line 80
2016-03-15 9:41:32 - PHP Notice:  Undefined variable: bcit_footer in E:\wamp\www\upload\catalog\view\theme\bcit-solutions-01\template\photo\photo.tpl on line 101
2016-03-15 9:43:21 - PHP Notice:  Undefined index: name in E:\wamp\www\upload\catalog\controller\photo\photo.php on line 29
2016-03-15 9:43:21 - PHP Notice:  Undefined index: name in E:\wamp\www\upload\catalog\controller\photo\photo.php on line 33
2016-03-15 9:43:21 - PHP Notice:  Undefined variable: bcit_header in E:\wamp\www\upload\catalog\view\theme\bcit-solutions-01\template\photo\photo.tpl on line 1
2016-03-15 9:43:21 - PHP Notice:  Undefined variable: bcit_logo in E:\wamp\www\upload\catalog\view\theme\bcit-solutions-01\template\photo\photo.tpl on line 2
2016-03-15 9:43:21 - PHP Notice:  Undefined variable: bcit_banner in E:\wamp\www\upload\catalog\view\theme\bcit-solutions-01\template\photo\photo.tpl on line 2
2016-03-15 9:43:21 - PHP Notice:  Undefined variable: bcit_menu in E:\wamp\www\upload\catalog\view\theme\bcit-solutions-01\template\photo\photo.tpl on line 8
2016-03-15 9:43:21 - PHP Notice:  Undefined variable: content in E:\wamp\www\upload\catalog\view\theme\bcit-solutions-01\template\photo\photo.tpl on line 37
2016-03-15 9:43:21 - PHP Notice:  Undefined variable: downloads in E:\wamp\www\upload\catalog\view\theme\bcit-solutions-01\template\photo\photo.tpl on line 39
2016-03-15 9:43:21 - PHP Notice:  Undefined variable: tags in E:\wamp\www\upload\catalog\view\theme\bcit-solutions-01\template\photo\photo.tpl on line 68
2016-03-15 9:43:21 - PHP Notice:  Undefined variable: newss in E:\wamp\www\upload\catalog\view\theme\bcit-solutions-01\template\photo\photo.tpl on line 80
2016-03-15 9:43:21 - PHP Notice:  Undefined variable: bcit_footer in E:\wamp\www\upload\catalog\view\theme\bcit-solutions-01\template\photo\photo.tpl on line 101
2016-03-15 9:44:07 - PHP Notice:  Undefined index: name in E:\wamp\www\upload\catalog\controller\photo\photo.php on line 29
2016-03-15 9:44:07 - PHP Notice:  Undefined index: name in E:\wamp\www\upload\catalog\controller\photo\photo.php on line 33
2016-03-15 9:44:08 - PHP Notice:  Undefined variable: bcit_header in E:\wamp\www\upload\catalog\view\theme\bcit-solutions-01\template\photo\photo.tpl on line 1
2016-03-15 9:44:08 - PHP Notice:  Undefined variable: bcit_logo in E:\wamp\www\upload\catalog\view\theme\bcit-solutions-01\template\photo\photo.tpl on line 2
2016-03-15 9:44:08 - PHP Notice:  Undefined variable: bcit_banner in E:\wamp\www\upload\catalog\view\theme\bcit-solutions-01\template\photo\photo.tpl on line 2
2016-03-15 9:44:08 - PHP Notice:  Undefined variable: bcit_menu in E:\wamp\www\upload\catalog\view\theme\bcit-solutions-01\template\photo\photo.tpl on line 8
2016-03-15 9:44:08 - PHP Notice:  Undefined variable: bcit_footer in E:\wamp\www\upload\catalog\view\theme\bcit-solutions-01\template\photo\photo.tpl on line 48
2016-03-15 9:45:50 - PHP Notice:  Undefined variable: bcit_header in E:\wamp\www\upload\catalog\view\theme\bcit-solutions-01\template\photo\photo.tpl on line 1
2016-03-15 9:45:50 - PHP Notice:  Undefined variable: bcit_logo in E:\wamp\www\upload\catalog\view\theme\bcit-solutions-01\template\photo\photo.tpl on line 2
2016-03-15 9:45:50 - PHP Notice:  Undefined variable: bcit_banner in E:\wamp\www\upload\catalog\view\theme\bcit-solutions-01\template\photo\photo.tpl on line 2
2016-03-15 9:45:50 - PHP Notice:  Undefined variable: bcit_menu in E:\wamp\www\upload\catalog\view\theme\bcit-solutions-01\template\photo\photo.tpl on line 8
2016-03-15 9:45:50 - PHP Notice:  Undefined variable: bcit_footer in E:\wamp\www\upload\catalog\view\theme\bcit-solutions-01\template\photo\photo.tpl on line 48
2016-03-15 10:32:25 - PHP Notice:  Undefined variable: album_info in E:\wamp\www\upload\catalog\controller\photo\photo.php on line 27
2016-03-15 10:32:25 - PHP Notice:  Undefined variable: url in E:\wamp\www\upload\catalog\controller\photo\photo.php on line 79
2016-03-15 10:32:25 - PHP Notice:  Undefined variable: news_id in E:\wamp\www\upload\catalog\controller\photo\photo.php on line 79
2016-03-15 23:01:31 - PHP Notice:  Undefined index: title in E:\wamp\www\upload\catalog\view\theme\bcit-solutions-01\template\photo\photo.tpl on line 45
2016-03-15 23:01:31 - PHP Notice:  Undefined index: title in E:\wamp\www\upload\catalog\view\theme\bcit-solutions-01\template\photo\photo.tpl on line 47
2016-03-15 23:01:31 - PHP Notice:  Undefined index: title in E:\wamp\www\upload\catalog\view\theme\bcit-solutions-01\template\photo\photo.tpl on line 51
2016-03-15 23:01:31 - PHP Notice:  Undefined index: title in E:\wamp\www\upload\catalog\view\theme\bcit-solutions-01\template\photo\photo.tpl on line 45
2016-03-15 23:01:31 - PHP Notice:  Undefined index: title in E:\wamp\www\upload\catalog\view\theme\bcit-solutions-01\template\photo\photo.tpl on line 47
2016-03-15 23:01:31 - PHP Notice:  Undefined index: title in E:\wamp\www\upload\catalog\view\theme\bcit-solutions-01\template\photo\photo.tpl on line 51
2016-03-15 23:03:03 - PHP Notice:  Undefined index: title in E:\wamp\www\upload\catalog\view\theme\bcit-solutions-01\template\photo\photo.tpl on line 46
2016-03-15 23:03:03 - PHP Notice:  Undefined index: title in E:\wamp\www\upload\catalog\view\theme\bcit-solutions-01\template\photo\photo.tpl on line 48
2016-03-15 23:03:03 - PHP Notice:  Undefined index: title in E:\wamp\www\upload\catalog\view\theme\bcit-solutions-01\template\photo\photo.tpl on line 52
2016-03-15 23:03:03 - PHP Notice:  Undefined index: title in E:\wamp\www\upload\catalog\view\theme\bcit-solutions-01\template\photo\photo.tpl on line 46
2016-03-15 23:03:03 - PHP Notice:  Undefined index: title in E:\wamp\www\upload\catalog\view\theme\bcit-solutions-01\template\photo\photo.tpl on line 48
2016-03-15 23:03:03 - PHP Notice:  Undefined index: title in E:\wamp\www\upload\catalog\view\theme\bcit-solutions-01\template\photo\photo.tpl on line 52
2016-03-15 23:03:58 - PHP Notice:  Undefined index: title in E:\wamp\www\upload\catalog\view\theme\bcit-solutions-01\template\photo\photo.tpl on line 46
2016-03-15 23:03:58 - PHP Notice:  Undefined index: title in E:\wamp\www\upload\catalog\view\theme\bcit-solutions-01\template\photo\photo.tpl on line 48
2016-03-15 23:03:58 - PHP Notice:  Undefined index: title in E:\wamp\www\upload\catalog\view\theme\bcit-solutions-01\template\photo\photo.tpl on line 52
2016-03-15 23:03:58 - PHP Notice:  Undefined index: title in E:\wamp\www\upload\catalog\view\theme\bcit-solutions-01\template\photo\photo.tpl on line 46
2016-03-15 23:03:58 - PHP Notice:  Undefined index: title in E:\wamp\www\upload\catalog\view\theme\bcit-solutions-01\template\photo\photo.tpl on line 48
2016-03-15 23:03:58 - PHP Notice:  Undefined index: title in E:\wamp\www\upload\catalog\view\theme\bcit-solutions-01\template\photo\photo.tpl on line 52
2016-03-23 22:18:46 - PHP Notice:  Undefined index: layout in E:\wamp\www\upload\admin\controller\module\news_featured.php on line 188
2016-03-23 22:22:38 - PHP Notice:  Undefined index: layout in E:\wamp\www\upload\catalog\controller\module\news_featured.php on line 83
2016-03-23 22:22:38 - PHP Notice:  Error: Could not load template E:/wamp/www/upload/catalog/view/theme/default/template/module/news_featured.tpl! in E:\wamp\www\upload\vqmod\vqcache\vq2-system_engine_loader.php on line 86
2016-03-23 22:24:59 - PHP Notice:  Undefined index: layout in E:\wamp\www\upload\catalog\controller\module\news_featured.php on line 83
2016-03-23 22:24:59 - PHP Notice:  Error: Could not load template E:/wamp/www/upload/catalog/view/theme/default/template/module/news_featured.tpl! in E:\wamp\www\upload\vqmod\vqcache\vq2-system_engine_loader.php on line 86
2016-03-23 22:25:01 - PHP Notice:  Undefined index: layout in E:\wamp\www\upload\catalog\controller\module\news_featured.php on line 83
2016-03-23 22:25:01 - PHP Notice:  Error: Could not load template E:/wamp/www/upload/catalog/view/theme/default/template/module/news_featured.tpl! in E:\wamp\www\upload\vqmod\vqcache\vq2-system_engine_loader.php on line 86
2016-03-23 22:27:39 - PHP Notice:  Undefined index: layout in E:\wamp\www\upload\catalog\controller\module\news_featured.php on line 80
2016-03-23 22:27:39 - PHP Notice:  Error: Could not load template E:/wamp/www/upload/catalog/view/theme/default/template/module/news_featured.tpl! in E:\wamp\www\upload\vqmod\vqcache\vq2-system_engine_loader.php on line 86
2016-03-23 22:27:40 - PHP Notice:  Undefined index: layout in E:\wamp\www\upload\catalog\controller\module\news_featured.php on line 80
2016-03-23 22:27:40 - PHP Notice:  Error: Could not load template E:/wamp/www/upload/catalog/view/theme/default/template/module/news_featured.tpl! in E:\wamp\www\upload\vqmod\vqcache\vq2-system_engine_loader.php on line 86
2016-03-23 22:27:41 - PHP Notice:  Undefined index: layout in E:\wamp\www\upload\catalog\controller\module\news_featured.php on line 80
2016-03-23 22:27:41 - PHP Notice:  Error: Could not load template E:/wamp/www/upload/catalog/view/theme/default/template/module/news_featured.tpl! in E:\wamp\www\upload\vqmod\vqcache\vq2-system_engine_loader.php on line 86
2016-03-23 22:33:08 - PHP Notice:  Undefined index: layout in E:\wamp\www\upload\catalog\controller\module\news_featured.php on line 81
2016-03-23 22:34:46 - PHP Notice:  Undefined index: layout in E:\wamp\www\upload\catalog\controller\module\news_featured.php on line 82
2016-03-23 22:35:01 - PHP Notice:  Undefined index: layout in E:\wamp\www\upload\catalog\controller\module\news_featured.php on line 82
2016-03-23 22:35:13 - PHP Notice:  Undefined index: layout in E:\wamp\www\upload\admin\controller\module\news_featured.php on line 188
2016-03-23 22:52:41 - PHP Notice:  Undefined index: image in E:\wamp\www\upload\catalog\view\theme\bcit-solutions-01\template\module\news_bcit01.tpl on line 14
2016-03-23 22:52:41 - PHP Notice:  Undefined index: image in E:\wamp\www\upload\catalog\view\theme\bcit-solutions-01\template\module\news_bcit01.tpl on line 14
2016-03-23 22:55:06 - PHP Notice:  Undefined index: image in E:\wamp\www\upload\catalog\view\theme\bcit-solutions-01\template\module\news_bcit01.tpl on line 23
2016-03-23 22:55:06 - PHP Notice:  Undefined index: image in E:\wamp\www\upload\catalog\view\theme\bcit-solutions-01\template\module\news_bcit01.tpl on line 23
2016-03-23 22:55:43 - PHP Notice:  Undefined index: image in E:\wamp\www\upload\catalog\view\theme\bcit-solutions-01\template\module\news_bcit01.tpl on line 23
2016-03-23 22:55:43 - PHP Notice:  Undefined index: image in E:\wamp\www\upload\catalog\view\theme\bcit-solutions-01\template\module\news_bcit01.tpl on line 23
2016-03-24 1:38:48 - PHP Notice:  Error: Password not accepted from server! in E:\wamp\www\upload\system\library\mail.php on line 289
2016-03-24 1:40:09 - PHP Notice:  Error: Password not accepted from server! in E:\wamp\www\upload\system\library\mail.php on line 289
2016-03-24 1:46:55 - PHP Notice:  Error: Password not accepted from server! in E:\wamp\www\upload\system\library\mail.php on line 289
2016-03-24 1:47:11 - PHP Notice:  Error: Password not accepted from server! in E:\wamp\www\upload\system\library\mail.php on line 289
2016-03-24 1:53:55 - PHP Notice:  Error: EHLO not accepted from server! in E:\wamp\www\upload\system\library\mail.php on line 199
2016-03-24 2:08:59 - PHP Notice:  Undefined index: content in E:\wamp\www\upload\catalog\model\catalog\contact.php on line 4
2016-03-24 2:27:34 - PHP Notice:  Undefined variable: attribute_row in E:\wamp\www\upload\admin\view\template\catalog\news_form.tpl on line 479
2016-03-24 2:27:34 - PHP Notice:  Undefined variable: option_row in E:\wamp\www\upload\admin\view\template\catalog\news_form.tpl on line 528
2016-03-24 2:27:34 - PHP Notice:  Undefined variable: entry_quantity in E:\wamp\www\upload\admin\view\template\catalog\news_form.tpl on line 611
2016-03-24 2:27:34 - PHP Notice:  Undefined variable: entry_subtract in E:\wamp\www\upload\admin\view\template\catalog\news_form.tpl on line 612
2016-03-24 2:27:34 - PHP Notice:  Undefined variable: entry_price in E:\wamp\www\upload\admin\view\template\catalog\news_form.tpl on line 613
2016-03-24 2:27:34 - PHP Notice:  Undefined variable: entry_option_points in E:\wamp\www\upload\admin\view\template\catalog\news_form.tpl on line 614
2016-03-24 2:27:34 - PHP Notice:  Undefined variable: entry_weight in E:\wamp\www\upload\admin\view\template\catalog\news_form.tpl on line 615
2016-03-24 2:27:34 - PHP Notice:  Undefined variable: option_value_row in E:\wamp\www\upload\admin\view\template\catalog\news_form.tpl on line 664
2016-03-24 2:27:34 - PHP Notice:  Undefined variable: entry_quantity in E:\wamp\www\upload\admin\view\template\catalog\news_form.tpl on line 671
2016-03-24 2:27:34 - PHP Notice:  Undefined variable: entry_price in E:\wamp\www\upload\admin\view\template\catalog\news_form.tpl on line 680
2016-03-24 2:27:34 - PHP Notice:  Undefined variable: entry_points in E:\wamp\www\upload\admin\view\template\catalog\news_form.tpl on line 685
2016-03-24 2:27:34 - PHP Notice:  Undefined variable: entry_weight in E:\wamp\www\upload\admin\view\template\catalog\news_form.tpl on line 690
2016-03-24 2:27:34 - PHP Notice:  Undefined variable: discount_row in E:\wamp\www\upload\admin\view\template\catalog\news_form.tpl on line 701
2016-03-24 2:27:34 - PHP Notice:  Undefined variable: customer_groups in E:\wamp\www\upload\admin\view\template\catalog\news_form.tpl on line 706
2016-03-24 2:27:34 - PHP Warning:  Invalid argument supplied for foreach() in E:\wamp\www\upload\admin\view\template\catalog\news_form.tpl on line 706
2016-03-24 2:27:34 - PHP Notice:  Undefined variable: entry_quantity in E:\wamp\www\upload\admin\view\template\catalog\news_form.tpl on line 710
2016-03-24 2:27:34 - PHP Notice:  Undefined variable: entry_price in E:\wamp\www\upload\admin\view\template\catalog\news_form.tpl on line 712
2016-03-24 2:27:34 - PHP Notice:  Undefined variable: special_row in E:\wamp\www\upload\admin\view\template\catalog\news_form.tpl on line 728
2016-03-24 2:27:34 - PHP Notice:  Undefined variable: customer_groups in E:\wamp\www\upload\admin\view\template\catalog\news_form.tpl on line 733
2016-03-24 2:27:34 - PHP Warning:  Invalid argument supplied for foreach() in E:\wamp\www\upload\admin\view\template\catalog\news_form.tpl on line 733
2016-03-24 2:27:34 - PHP Notice:  Undefined variable: entry_price in E:\wamp\www\upload\admin\view\template\catalog\news_form.tpl on line 738
2016-03-24 2:27:34 - PHP Notice:  Undefined variable: image_row in E:\wamp\www\upload\admin\view\template\catalog\news_form.tpl on line 754
2016-03-24 2:27:34 - PHP Notice:  Undefined variable: recurring_row in E:\wamp\www\upload\admin\view\template\catalog\news_form.tpl on line 769
2016-03-24 2:27:34 - PHP Notice:  Undefined variable: recurrings in E:\wamp\www\upload\admin\view\template\catalog\news_form.tpl on line 778
2016-03-24 2:27:34 - PHP Warning:  Invalid argument supplied for foreach() in E:\wamp\www\upload\admin\view\template\catalog\news_form.tpl on line 778
2016-03-24 2:27:34 - PHP Notice:  Undefined variable: customer_groups in E:\wamp\www\upload\admin\view\template\catalog\news_form.tpl on line 785
2016-03-24 2:27:34 - PHP Warning:  Invalid argument supplied for foreach() in E:\wamp\www\upload\admin\view\template\catalog\news_form.tpl on line 785
2016-03-24 2:28:51 - PHP Notice:  Undefined variable: attribute_row in E:\wamp\www\upload\admin\view\template\catalog\news_form.tpl on line 479
2016-03-24 2:28:51 - PHP Notice:  Undefined variable: option_row in E:\wamp\www\upload\admin\view\template\catalog\news_form.tpl on line 528
2016-03-24 2:28:51 - PHP Notice:  Undefined variable: entry_quantity in E:\wamp\www\upload\admin\view\template\catalog\news_form.tpl on line 611
2016-03-24 2:28:51 - PHP Notice:  Undefined variable: entry_subtract in E:\wamp\www\upload\admin\view\template\catalog\news_form.tpl on line 612
2016-03-24 2:28:51 - PHP Notice:  Undefined variable: entry_price in E:\wamp\www\upload\admin\view\template\catalog\news_form.tpl on line 613
2016-03-24 2:28:51 - PHP Notice:  Undefined variable: entry_option_points in E:\wamp\www\upload\admin\view\template\catalog\news_form.tpl on line 614
2016-03-24 2:28:51 - PHP Notice:  Undefined variable: entry_weight in E:\wamp\www\upload\admin\view\template\catalog\news_form.tpl on line 615
2016-03-24 2:28:51 - PHP Notice:  Undefined variable: option_value_row in E:\wamp\www\upload\admin\view\template\catalog\news_form.tpl on line 664
2016-03-24 2:28:51 - PHP Notice:  Undefined variable: entry_quantity in E:\wamp\www\upload\admin\view\template\catalog\news_form.tpl on line 671
2016-03-24 2:28:51 - PHP Notice:  Undefined variable: entry_price in E:\wamp\www\upload\admin\view\template\catalog\news_form.tpl on line 680
2016-03-24 2:28:51 - PHP Notice:  Undefined variable: entry_points in E:\wamp\www\upload\admin\view\template\catalog\news_form.tpl on line 685
2016-03-24 2:28:51 - PHP Notice:  Undefined variable: entry_weight in E:\wamp\www\upload\admin\view\template\catalog\news_form.tpl on line 690
2016-03-24 2:28:51 - PHP Notice:  Undefined variable: discount_row in E:\wamp\www\upload\admin\view\template\catalog\news_form.tpl on line 701
2016-03-24 2:28:51 - PHP Notice:  Undefined variable: customer_groups in E:\wamp\www\upload\admin\view\template\catalog\news_form.tpl on line 706
2016-03-24 2:28:51 - PHP Warning:  Invalid argument supplied for foreach() in E:\wamp\www\upload\admin\view\template\catalog\news_form.tpl on line 706
2016-03-24 2:28:51 - PHP Notice:  Undefined variable: entry_quantity in E:\wamp\www\upload\admin\view\template\catalog\news_form.tpl on line 710
2016-03-24 2:28:51 - PHP Notice:  Undefined variable: entry_price in E:\wamp\www\upload\admin\view\template\catalog\news_form.tpl on line 712
2016-03-24 2:28:51 - PHP Notice:  Undefined variable: special_row in E:\wamp\www\upload\admin\view\template\catalog\news_form.tpl on line 728
2016-03-24 2:28:51 - PHP Notice:  Undefined variable: customer_groups in E:\wamp\www\upload\admin\view\template\catalog\news_form.tpl on line 733
2016-03-24 2:28:51 - PHP Warning:  Invalid argument supplied for foreach() in E:\wamp\www\upload\admin\view\template\catalog\news_form.tpl on line 733
2016-03-24 2:28:51 - PHP Notice:  Undefined variable: entry_price in E:\wamp\www\upload\admin\view\template\catalog\news_form.tpl on line 738
2016-03-24 2:28:51 - PHP Notice:  Undefined variable: image_row in E:\wamp\www\upload\admin\view\template\catalog\news_form.tpl on line 754
2016-03-24 2:28:51 - PHP Notice:  Undefined variable: recurring_row in E:\wamp\www\upload\admin\view\template\catalog\news_form.tpl on line 769
2016-03-24 2:28:51 - PHP Notice:  Undefined variable: recurrings in E:\wamp\www\upload\admin\view\template\catalog\news_form.tpl on line 778
2016-03-24 2:28:51 - PHP Warning:  Invalid argument supplied for foreach() in E:\wamp\www\upload\admin\view\template\catalog\news_form.tpl on line 778
2016-03-24 2:28:51 - PHP Notice:  Undefined variable: customer_groups in E:\wamp\www\upload\admin\view\template\catalog\news_form.tpl on line 785
2016-03-24 2:28:51 - PHP Warning:  Invalid argument supplied for foreach() in E:\wamp\www\upload\admin\view\template\catalog\news_form.tpl on line 785
2016-03-24 2:32:44 - PHP Notice:  Undefined variable: attribute_row in E:\wamp\www\upload\admin\view\template\catalog\news_form.tpl on line 479
2016-03-24 2:32:44 - PHP Notice:  Undefined variable: option_row in E:\wamp\www\upload\admin\view\template\catalog\news_form.tpl on line 528
2016-03-24 2:32:44 - PHP Notice:  Undefined variable: entry_quantity in E:\wamp\www\upload\admin\view\template\catalog\news_form.tpl on line 611
2016-03-24 2:32:44 - PHP Notice:  Undefined variable: entry_subtract in E:\wamp\www\upload\admin\view\template\catalog\news_form.tpl on line 612
2016-03-24 2:32:44 - PHP Notice:  Undefined variable: entry_price in E:\wamp\www\upload\admin\view\template\catalog\news_form.tpl on line 613
2016-03-24 2:32:44 - PHP Notice:  Undefined variable: entry_option_points in E:\wamp\www\upload\admin\view\template\catalog\news_form.tpl on line 614
2016-03-24 2:32:44 - PHP Notice:  Undefined variable: entry_weight in E:\wamp\www\upload\admin\view\template\catalog\news_form.tpl on line 615
2016-03-24 2:32:44 - PHP Notice:  Undefined variable: option_value_row in E:\wamp\www\upload\admin\view\template\catalog\news_form.tpl on line 664
2016-03-24 2:32:44 - PHP Notice:  Undefined variable: entry_quantity in E:\wamp\www\upload\admin\view\template\catalog\news_form.tpl on line 671
2016-03-24 2:32:44 - PHP Notice:  Undefined variable: entry_price in E:\wamp\www\upload\admin\view\template\catalog\news_form.tpl on line 680
2016-03-24 2:32:44 - PHP Notice:  Undefined variable: entry_points in E:\wamp\www\upload\admin\view\template\catalog\news_form.tpl on line 685
2016-03-24 2:32:44 - PHP Notice:  Undefined variable: entry_weight in E:\wamp\www\upload\admin\view\template\catalog\news_form.tpl on line 690
2016-03-24 2:32:44 - PHP Notice:  Undefined variable: discount_row in E:\wamp\www\upload\admin\view\template\catalog\news_form.tpl on line 701
2016-03-24 2:32:44 - PHP Notice:  Undefined variable: customer_groups in E:\wamp\www\upload\admin\view\template\catalog\news_form.tpl on line 706
2016-03-24 2:32:44 - PHP Warning:  Invalid argument supplied for foreach() in E:\wamp\www\upload\admin\view\template\catalog\news_form.tpl on line 706
2016-03-24 2:32:44 - PHP Notice:  Undefined variable: entry_quantity in E:\wamp\www\upload\admin\view\template\catalog\news_form.tpl on line 710
2016-03-24 2:32:44 - PHP Notice:  Undefined variable: entry_price in E:\wamp\www\upload\admin\view\template\catalog\news_form.tpl on line 712
2016-03-24 2:32:44 - PHP Notice:  Undefined variable: special_row in E:\wamp\www\upload\admin\view\template\catalog\news_form.tpl on line 728
2016-03-24 2:32:44 - PHP Notice:  Undefined variable: customer_groups in E:\wamp\www\upload\admin\view\template\catalog\news_form.tpl on line 733
2016-03-24 2:32:44 - PHP Warning:  Invalid argument supplied for foreach() in E:\wamp\www\upload\admin\view\template\catalog\news_form.tpl on line 733
2016-03-24 2:32:44 - PHP Notice:  Undefined variable: entry_price in E:\wamp\www\upload\admin\view\template\catalog\news_form.tpl on line 738
2016-03-24 2:32:44 - PHP Notice:  Undefined variable: image_row in E:\wamp\www\upload\admin\view\template\catalog\news_form.tpl on line 754
2016-03-24 2:32:44 - PHP Notice:  Undefined variable: recurring_row in E:\wamp\www\upload\admin\view\template\catalog\news_form.tpl on line 769
2016-03-24 2:32:44 - PHP Notice:  Undefined variable: recurrings in E:\wamp\www\upload\admin\view\template\catalog\news_form.tpl on line 778
2016-03-24 2:32:44 - PHP Warning:  Invalid argument supplied for foreach() in E:\wamp\www\upload\admin\view\template\catalog\news_form.tpl on line 778
2016-03-24 2:32:44 - PHP Notice:  Undefined variable: customer_groups in E:\wamp\www\upload\admin\view\template\catalog\news_form.tpl on line 785
2016-03-24 2:32:44 - PHP Warning:  Invalid argument supplied for foreach() in E:\wamp\www\upload\admin\view\template\catalog\news_form.tpl on line 785
2016-03-26 23:39:21 - PHP Notice:  Undefined variable: text_address in E:\wamp\www\upload\catalog\view\theme\bcit-solutions-01\template\common\bcit_footer.tpl on line 11
